info: databaseUri: mongodb://localhost/tiledesk
info: autoIndex: true
info: EmailService baseUrl https://support.tiledesk.com/dashboard
info: BotSubscriptionNotifier started
info: PubModulesManager init
info: ConciergeBot listener start 
info: PubModulesManager init rules loaded.
info: MessageActionsInterceptor listener start 
info: PubModulesManager init messageActions loaded.
info: PubModulesManager init requestNotification loaded.
info: Chat21Handler adminToken: CHANGEIT -> default is: chat21-secret-orgAa,
info: chat21 channel enabled
info: firebaseConnector firebaseConfig.databaseURL:undefined
info: firebaseConnector private_key:-----BEGIN PRIVATE KEY-----\***************\n-----END PRIVATE KEY-----\n
info: firebaseConnector client_email:firebase-adminsdk-******@************.iam.gserviceaccount.com
info: firebaseConnector firebase_project_id:CHANGEIT
error: uncaughtException: Failed to parse private key: Error: Invalid PEM formatted message.
Error: Failed to parse private key: Error: Invalid PEM formatted message.
    at FirebaseAppError.FirebaseError [as constructor] (/Users/andrealeo/dev/chat21/tiledesk-server-dev-org/channels/chat21/node_modules/firebase-admin/lib/utils/error.js:42:28)
    at FirebaseAppError.PrefixedFirebaseError [as constructor] (/Users/andrealeo/dev/chat21/tiledesk-server-dev-org/channels/chat21/node_modules/firebase-admin/lib/utils/error.js:88:28)
    at new FirebaseAppError (/Users/andrealeo/dev/chat21/tiledesk-server-dev-org/channels/chat21/node_modules/firebase-admin/lib/utils/error.js:122:28)
    at new Certificate (/Users/andrealeo/dev/chat21/tiledesk-server-dev-org/channels/chat21/node_modules/firebase-admin/lib/auth/credential.js:125:19)
    at new CertCredential (/Users/andrealeo/dev/chat21/tiledesk-server-dev-org/channels/chat21/node_modules/firebase-admin/lib/auth/credential.js:187:64)
    at Object.cert (/Users/andrealeo/dev/chat21/tiledesk-server-dev-org/channels/chat21/node_modules/firebase-admin/lib/firebase-namespace.js:220:58)
    at Object.<anonymous> (/Users/andrealeo/dev/chat21/tiledesk-server-dev-org/channels/chat21/firebaseConnector.js:45:38)
    at Module._compile (internal/modules/cjs/loader.js:738:30)
    at Object.Module._extensions..js (internal/modules/cjs/loader.js:749:10)
    at Module.load (internal/modules/cjs/loader.js:630:32)
    at tryModuleLoad (internal/modules/cjs/loader.js:570:12)
    at Function.Module._load (internal/modules/cjs/loader.js:562:3)
    at Module.require (internal/modules/cjs/loader.js:667:17)
    at require (internal/modules/cjs/helpers.js:20:18)
    at Object.<anonymous> (/Users/andrealeo/dev/chat21/tiledesk-server-dev-org/channels/chat21/chat21Handler.js:28:13)
    at Module._compile (internal/modules/cjs/loader.js:738:30) {"error":{"code":"app/invalid-credential","message":"Failed to parse private key: Error: Invalid PEM formatted message."},"stack":"Error: Failed to parse private key: Error: Invalid PEM formatted message.\n    at FirebaseAppError.FirebaseError [as constructor] (/Users/andrealeo/dev/chat21/tiledesk-server-dev-org/channels/chat21/node_modules/firebase-admin/lib/utils/error.js:42:28)\n    at FirebaseAppError.PrefixedFirebaseError [as constructor] (/Users/andrealeo/dev/chat21/tiledesk-server-dev-org/channels/chat21/node_modules/firebase-admin/lib/utils/error.js:88:28)\n    at new FirebaseAppError (/Users/andrealeo/dev/chat21/tiledesk-server-dev-org/channels/chat21/node_modules/firebase-admin/lib/utils/error.js:122:28)\n    at new Certificate (/Users/andrealeo/dev/chat21/tiledesk-server-dev-org/channels/chat21/node_modules/firebase-admin/lib/auth/credential.js:125:19)\n    at new CertCredential (/Users/andrealeo/dev/chat21/tiledesk-server-dev-org/channels/chat21/node_modules/firebase-admin/lib/auth/credential.js:187:64)\n    at Object.cert (/Users/andrealeo/dev/chat21/tiledesk-server-dev-org/channels/chat21/node_modules/firebase-admin/lib/firebase-namespace.js:220:58)\n    at Object.<anonymous> (/Users/andrealeo/dev/chat21/tiledesk-server-dev-org/channels/chat21/firebaseConnector.js:45:38)\n    at Module._compile (internal/modules/cjs/loader.js:738:30)\n    at Object.Module._extensions..js (internal/modules/cjs/loader.js:749:10)\n    at Module.load (internal/modules/cjs/loader.js:630:32)\n    at tryModuleLoad (internal/modules/cjs/loader.js:570:12)\n    at Function.Module._load (internal/modules/cjs/loader.js:562:3)\n    at Module.require (internal/modules/cjs/loader.js:667:17)\n    at require (internal/modules/cjs/helpers.js:20:18)\n    at Object.<anonymous> (/Users/andrealeo/dev/chat21/tiledesk-server-dev-org/channels/chat21/chat21Handler.js:28:13)\n    at Module._compile (internal/modules/cjs/loader.js:738:30)","exception":true,"date":"Fri Jan 24 2020 11:44:08 GMT+0100 (GMT+01:00)","process":{"pid":68224,"uid":501,"gid":20,"cwd":"/Users/andrealeo/dev/chat21/tiledesk-server-dev-org","execPath":"/usr/local/bin/node","version":"v11.10.0","argv":["/usr/local/bin/node","/Users/andrealeo/dev/chat21/tiledesk-server-dev-org/bin/www"],"memoryUsage":{"rss":110247936,"heapTotal":78905344,"heapUsed":55338760,"external":21315897}},"os":{"loadavg":[3.01953125,3.2744140625,3.09228515625],"uptime":1823221},"trace":[{"column":28,"file":"/Users/andrealeo/dev/chat21/tiledesk-server-dev-org/channels/chat21/node_modules/firebase-admin/lib/utils/error.js","function":"FirebaseAppError.FirebaseError [as constructor]","line":42,"method":"FirebaseError [as constructor]","native":false},{"column":28,"file":"/Users/andrealeo/dev/chat21/tiledesk-server-dev-org/channels/chat21/node_modules/firebase-admin/lib/utils/error.js","function":"FirebaseAppError.PrefixedFirebaseError [as constructor]","line":88,"method":"PrefixedFirebaseError [as constructor]","native":false},{"column":28,"file":"/Users/andrealeo/dev/chat21/tiledesk-server-dev-org/channels/chat21/node_modules/firebase-admin/lib/utils/error.js","function":"new FirebaseAppError","line":122,"method":null,"native":false},{"column":19,"file":"/Users/andrealeo/dev/chat21/tiledesk-server-dev-org/channels/chat21/node_modules/firebase-admin/lib/auth/credential.js","function":"new Certificate","line":125,"method":null,"native":false},{"column":64,"file":"/Users/andrealeo/dev/chat21/tiledesk-server-dev-org/channels/chat21/node_modules/firebase-admin/lib/auth/credential.js","function":"new CertCredential","line":187,"method":null,"native":false},{"column":58,"file":"/Users/andrealeo/dev/chat21/tiledesk-server-dev-org/channels/chat21/node_modules/firebase-admin/lib/firebase-namespace.js","function":"Object.cert","line":220,"method":"cert","native":false},{"column":38,"file":"/Users/andrealeo/dev/chat21/tiledesk-server-dev-org/channels/chat21/firebaseConnector.js","function":null,"line":45,"method":null,"native":false},{"column":30,"file":"internal/modules/cjs/loader.js","function":"Module._compile","line":738,"method":"_compile","native":false},{"column":10,"file":"internal/modules/cjs/loader.js","function":"Module._extensions..js","line":749,"method":".js","native":false},{"column":32,"file":"internal/modules/cjs/loader.js","function":"Module.load","line":630,"method":"load","native":false},{"column":12,"file":"internal/modules/cjs/loader.js","function":"tryModuleLoad","line":570,"method":null,"native":false},{"column":3,"file":"internal/modules/cjs/loader.js","function":"Module._load","line":562,"method":"_load","native":false},{"column":17,"file":"internal/modules/cjs/loader.js","function":"Module.require","line":667,"method":"require","native":false},{"column":18,"file":"internal/modules/cjs/helpers.js","function":"require","line":20,"method":null,"native":false},{"column":13,"file":"/Users/andrealeo/dev/chat21/tiledesk-server-dev-org/channels/chat21/chat21Handler.js","function":null,"line":28,"method":null,"native":false},{"column":30,"file":"internal/modules/cjs/loader.js","function":"Module._compile","line":738,"method":"_compile","native":false}]}
info: databaseUri: mongodb://localhost/tiledesk
info: autoIndex: true
info: EmailService baseUrl https://support.tiledesk.com/dashboard
info: BotSubscriptionNotifier started
info: PubModulesManager init
info: ConciergeBot listener start 
info: PubModulesManager init rules loaded.
info: MessageActionsInterceptor listener start 
info: PubModulesManager init messageActions loaded.
info: PubModulesManager init requestNotification loaded.
info: Chat21Handler adminToken: adminTokenHere
info: chat21 channel disabled
info: ChannelManager listener start 
info: Chat21Handler listener start 
info: ModulesManager init
info: RulesTrigger started
info: trigger route
info: ModulesManager init trigger loaded.
info: ModulesManager init stripe loaded
info: SubscriptionNotifier started
info: ModulesManager init resthook loaded
info: ModulesManager init analyticsRoute loaded
info: ActivityArchiver listening
info: ModulesManager init activities loaded
info: ChannelManager using controllers
info: chat21WebHook not initialized 
info: ModulesManager using controllers
info: ModulesManager stripe controller loaded
info: ModulesManager trigger controller loaded
info: ModulesManager analytics controller loaded
info: ModulesManager subscriptions controller loaded
info: ModulesManager activities controller loaded
info: message2Event init
